000 (027.005.000) 06/18 21:33:28 Job submitted from host: <172.31.1.180:9618?addrs=172.31.1.180-9618&noUDP&sock=960_0f02_5>
...
001 (027.005.000) 06/18 21:40:56 Job executing on host: <172.31.9.58:9618?addrs=172.31.9.58-9618&noUDP&sock=936_98bc_3>
...
006 (027.005.000) 06/18 21:41:04 Image size of job updated: 62
	62  -  MemoryUsage of job (MB)
	63868  -  ResidentSetSize of job (KB)
...
006 (027.005.000) 06/18 21:46:05 Image size of job updated: 532
	532  -  MemoryUsage of job (MB)
	545456  -  ResidentSetSize of job (KB)
...
005 (027.005.000) 06/18 21:47:37 Job terminated.
	(1) Normal termination (return value 0)
		Usr 0 00:06:26, Sys 0 00:00:00  -  Run Remote Usage
		Usr 0 00:00:00, Sys 0 00:00:00  -  Run Local Usage
		Usr 0 00:06:26, Sys 0 00:00:00  -  Total Remote Usage
		Usr 0 00:00:00, Sys 0 00:00:00  -  Total Local Usage
	28965  -  Run Bytes Sent By Job
	47715624  -  Run Bytes Received By Job
	28965  -  Total Bytes Sent By Job
	47715624  -  Total Bytes Received By Job
	Partitionable Resources :    Usage  Request Allocated 
	   Cpus                 :     0.00        1         1 
	   Disk (KB)            : 47500       47500  13958196 
	   Memory (MB)          :   532        1024      1814 
...
