000 (026.000.000) 06/18 21:22:31 Job submitted from host: <172.31.1.180:9618?addrs=172.31.1.180-9618&noUDP&sock=960_0f02_5>
...
001 (026.000.000) 06/18 21:22:33 Job executing on host: <172.31.12.90:9618?addrs=172.31.12.90-9618&noUDP&sock=1008_fb8d_3>
...
006 (026.000.000) 06/18 21:22:41 Image size of job updated: 13
	13  -  MemoryUsage of job (MB)
	13908  -  ResidentSetSize of job (KB)
...
006 (026.000.000) 06/18 21:24:18 Image size of job updated: 54
	54  -  MemoryUsage of job (MB)
	55560  -  ResidentSetSize of job (KB)
...
005 (026.000.000) 06/18 21:24:20 Job terminated.
	(1) Normal termination (return value 0)
		Usr 0 00:01:34, Sys 0 00:00:00  -  Run Remote Usage
		Usr 0 00:00:00, Sys 0 00:00:00  -  Run Local Usage
		Usr 0 00:01:34, Sys 0 00:00:00  -  Total Remote Usage
		Usr 0 00:00:00, Sys 0 00:00:00  -  Total Local Usage
	28754  -  Run Bytes Sent By Job
	21207320  -  Run Bytes Received By Job
	28754  -  Total Bytes Sent By Job
	21207320  -  Total Bytes Received By Job
	Partitionable Resources :    Usage  Request Allocated 
	   Cpus                 :        0        1         1 
	   Disk (KB)            :    22500    22500  13972732 
	   Memory (MB)          :       54     1024      1814 
...
000 (027.000.000) 06/18 21:33:28 Job submitted from host: <172.31.1.180:9618?addrs=172.31.1.180-9618&noUDP&sock=960_0f02_5>
...
001 (027.000.000) 06/18 21:33:30 Job executing on host: <172.31.12.90:9618?addrs=172.31.12.90-9618&noUDP&sock=1008_fb8d_3>
...
006 (027.000.000) 06/18 21:33:38 Image size of job updated: 13
	13  -  MemoryUsage of job (MB)
	13872  -  ResidentSetSize of job (KB)
...
006 (027.000.000) 06/18 21:35:18 Image size of job updated: 53
	53  -  MemoryUsage of job (MB)
	55160  -  ResidentSetSize of job (KB)
...
005 (027.000.000) 06/18 21:35:20 Job terminated.
	(1) Normal termination (return value 0)
		Usr 0 00:01:37, Sys 0 00:00:00  -  Run Remote Usage
		Usr 0 00:00:00, Sys 0 00:00:00  -  Run Local Usage
		Usr 0 00:01:37, Sys 0 00:00:00  -  Total Remote Usage
		Usr 0 00:00:00, Sys 0 00:00:00  -  Total Local Usage
	28754  -  Run Bytes Sent By Job
	21207320  -  Run Bytes Received By Job
	28754  -  Total Bytes Sent By Job
	21207320  -  Total Bytes Received By Job
	Partitionable Resources :    Usage  Request Allocated 
	   Cpus                 :        0        1         1 
	   Disk (KB)            :    22500    22500  13972732 
	   Memory (MB)          :       53     1024      1814 
...
