000 (027.004.000) 06/18 21:33:28 Job submitted from host: <172.31.1.180:9618?addrs=172.31.1.180-9618&noUDP&sock=960_0f02_5>
...
001 (027.004.000) 06/18 21:39:02 Job executing on host: <172.31.12.90:9618?addrs=172.31.12.90-9618&noUDP&sock=1008_fb8d_3>
...
006 (027.004.000) 06/18 21:39:10 Image size of job updated: 78
	78  -  MemoryUsage of job (MB)
	80104  -  ResidentSetSize of job (KB)
...
006 (027.004.000) 06/18 21:44:11 Image size of job updated: 407
	407  -  MemoryUsage of job (MB)
	416816  -  ResidentSetSize of job (KB)
...
005 (027.004.000) 06/18 21:44:58 Job terminated.
	(1) Normal termination (return value 0)
		Usr 0 00:00:00, Sys 0 00:00:00  -  Run Remote Usage
		Usr 0 00:00:00, Sys 0 00:00:00  -  Run Local Usage
		Usr 0 00:05:00, Sys 0 00:00:00  -  Total Remote Usage
		Usr 0 00:00:00, Sys 0 00:00:00  -  Total Local Usage
	28965  -  Run Bytes Sent By Job
	42413964  -  Run Bytes Received By Job
	28965  -  Total Bytes Sent By Job
	42413964  -  Total Bytes Received By Job
	Partitionable Resources :    Usage  Request Allocated 
	   Cpus                 :        0        1         1 
	   Disk (KB)            :    42500    42500  13972732 
	   Memory (MB)          :      407     1024      1814 
...
