000 (028.003.000) 06/20 16:22:22 Job submitted from host: <172.31.1.180:9618?addrs=172.31.1.180-9618&noUDP&sock=941_06b5_5>
...
001 (028.003.000) 06/20 16:25:05 Job executing on host: <172.31.9.58:9618?addrs=172.31.9.58-9618&noUDP&sock=959_5f69_3>
...
006 (028.003.000) 06/20 16:25:14 Image size of job updated: 55
	55  -  MemoryUsage of job (MB)
	57284  -  ResidentSetSize of job (KB)
...
006 (028.003.000) 06/20 16:29:49 Image size of job updated: 302
	302  -  MemoryUsage of job (MB)
	309820  -  ResidentSetSize of job (KB)
...
005 (028.003.000) 06/20 16:29:52 Job terminated.
	(1) Normal termination (return value 0)
		Usr 0 00:04:30, Sys 0 00:00:00  -  Run Remote Usage
		Usr 0 00:00:00, Sys 0 00:00:00  -  Run Local Usage
		Usr 0 00:04:30, Sys 0 00:00:00  -  Total Remote Usage
		Usr 0 00:00:00, Sys 0 00:00:00  -  Total Local Usage
	28965  -  Run Bytes Sent By Job
	37112304  -  Run Bytes Received By Job
	28965  -  Total Bytes Sent By Job
	37112304  -  Total Bytes Received By Job
	Partitionable Resources :    Usage  Request Allocated 
	   Cpus                 :        0        1         1 
	   Disk (KB)            :    37500    37500  13652100 
	   Memory (MB)          :      302     1024      1814 
...
000 (029.003.000) 06/25 09:28:50 Job submitted from host: <172.31.1.180:9618?addrs=172.31.1.180-9618&noUDP&sock=979_174e_5>
...
001 (029.003.000) 06/25 09:31:56 Job executing on host: <172.31.12.90:9618?addrs=172.31.12.90-9618&noUDP&sock=956_50a1_3>
...
006 (029.003.000) 06/25 09:32:05 Image size of job updated: 60
	60  -  MemoryUsage of job (MB)
	62312  -  ResidentSetSize of job (KB)
...
006 (029.003.000) 06/25 09:36:30 Image size of job updated: 307
	307  -  MemoryUsage of job (MB)
	314972  -  ResidentSetSize of job (KB)
...
005 (029.003.000) 06/25 09:36:32 Job terminated.
	(1) Normal termination (return value 0)
		Usr 0 00:04:17, Sys 0 00:00:00  -  Run Remote Usage
		Usr 0 00:00:00, Sys 0 00:00:00  -  Run Local Usage
		Usr 0 00:04:17, Sys 0 00:00:00  -  Total Remote Usage
		Usr 0 00:00:00, Sys 0 00:00:00  -  Total Local Usage
	28965  -  Run Bytes Sent By Job
	37112304  -  Run Bytes Received By Job
	28965  -  Total Bytes Sent By Job
	37112304  -  Total Bytes Received By Job
	Partitionable Resources :    Usage  Request Allocated 
	   Cpus                 :     0.00        1         1 
	   Disk (KB)            : 37500       37500  13654316 
	   Memory (MB)          :   307        1024      1814 
...
