000 (028.002.000) 06/20 16:22:22 Job submitted from host: <172.31.1.180:9618?addrs=172.31.1.180-9618&noUDP&sock=941_06b5_5>
...
001 (028.002.000) 06/20 16:24:15 Job executing on host: <172.31.12.90:9618?addrs=172.31.12.90-9618&noUDP&sock=970_eaf4_3>
...
006 (028.002.000) 06/20 16:24:23 Image size of job updated: 44
	44  -  MemoryUsage of job (MB)
	45464  -  ResidentSetSize of job (KB)
...
006 (028.002.000) 06/20 16:27:56 Image size of job updated: 204
	204  -  MemoryUsage of job (MB)
	208976  -  ResidentSetSize of job (KB)
...
005 (028.002.000) 06/20 16:27:58 Job terminated.
	(1) Normal termination (return value 0)
		Usr 0 00:00:00, Sys 0 00:00:00  -  Run Remote Usage
		Usr 0 00:00:00, Sys 0 00:00:00  -  Run Local Usage
		Usr 0 00:00:02, Sys 0 00:00:00  -  Total Remote Usage
		Usr 0 00:00:00, Sys 0 00:00:00  -  Total Local Usage
	28965  -  Run Bytes Sent By Job
	31810640  -  Run Bytes Received By Job
	28965  -  Total Bytes Sent By Job
	31810640  -  Total Bytes Received By Job
	Partitionable Resources :    Usage  Request Allocated 
	   Cpus                 :     0.00        1         1 
	   Disk (KB)            : 32500       32500  13664172 
	   Memory (MB)          :   204        1024      1814 
...
000 (029.002.000) 06/25 09:28:50 Job submitted from host: <172.31.1.180:9618?addrs=172.31.1.180-9618&noUDP&sock=979_174e_5>
...
001 (029.002.000) 06/25 09:31:08 Job executing on host: <172.31.9.58:9618?addrs=172.31.9.58-9618&noUDP&sock=939_a785_3>
...
006 (029.002.000) 06/25 09:31:17 Image size of job updated: 56
	56  -  MemoryUsage of job (MB)
	57660  -  ResidentSetSize of job (KB)
...
006 (029.002.000) 06/25 09:34:45 Image size of job updated: 205
	205  -  MemoryUsage of job (MB)
	210036  -  ResidentSetSize of job (KB)
...
005 (029.002.000) 06/25 09:34:47 Job terminated.
	(1) Normal termination (return value 0)
		Usr 0 00:03:18, Sys 0 00:00:00  -  Run Remote Usage
		Usr 0 00:00:00, Sys 0 00:00:00  -  Run Local Usage
		Usr 0 00:03:18, Sys 0 00:00:00  -  Total Remote Usage
		Usr 0 00:00:00, Sys 0 00:00:00  -  Total Local Usage
	28965  -  Run Bytes Sent By Job
	31810640  -  Run Bytes Received By Job
	28965  -  Total Bytes Sent By Job
	31810640  -  Total Bytes Received By Job
	Partitionable Resources :    Usage  Request Allocated 
	   Cpus                 :     0.00        1         1 
	   Disk (KB)            : 32500       32500  13633720 
	   Memory (MB)          :   205        1024      1814 
...
