000 (028.001.000) 06/20 16:22:22 Job submitted from host: <172.31.1.180:9618?addrs=172.31.1.180-9618&noUDP&sock=941_06b5_5>
...
001 (028.001.000) 06/20 16:22:24 Job executing on host: <172.31.9.58:9618?addrs=172.31.9.58-9618&noUDP&sock=959_5f69_3>
...
006 (028.001.000) 06/20 16:22:32 Image size of job updated: 25
	25  -  MemoryUsage of job (MB)
	26392  -  ResidentSetSize of job (KB)
...
006 (028.001.000) 06/20 16:25:02 Image size of job updated: 126
	126  -  MemoryUsage of job (MB)
	129148  -  ResidentSetSize of job (KB)
...
005 (028.001.000) 06/20 16:25:04 Job terminated.
	(1) Normal termination (return value 0)
		Usr 0 00:02:29, Sys 0 00:00:00  -  Run Remote Usage
		Usr 0 00:00:00, Sys 0 00:00:00  -  Run Local Usage
		Usr 0 00:02:29, Sys 0 00:00:00  -  Total Remote Usage
		Usr 0 00:00:00, Sys 0 00:00:00  -  Total Local Usage
	28789  -  Run Bytes Sent By Job
	26508980  -  Run Bytes Received By Job
	28789  -  Total Bytes Sent By Job
	26508980  -  Total Bytes Received By Job
	Partitionable Resources :    Usage  Request Allocated 
	   Cpus                 :        0        1         1 
	   Disk (KB)            :    27500    27500  13652100 
	   Memory (MB)          :      126     1024      1814 
...
000 (029.001.000) 06/25 09:28:50 Job submitted from host: <172.31.1.180:9618?addrs=172.31.1.180-9618&noUDP&sock=979_174e_5>
...
001 (029.001.000) 06/25 09:28:51 Job executing on host: <172.31.12.90:9618?addrs=172.31.12.90-9618&noUDP&sock=956_50a1_3>
...
006 (029.001.000) 06/25 09:31:53 Image size of job updated: 121
	121  -  MemoryUsage of job (MB)
	124268  -  ResidentSetSize of job (KB)
...
005 (029.001.000) 06/25 09:31:55 Job terminated.
	(1) Normal termination (return value 0)
		Usr 0 00:02:24, Sys 0 00:00:00  -  Run Remote Usage
		Usr 0 00:00:00, Sys 0 00:00:00  -  Run Local Usage
		Usr 0 00:02:24, Sys 0 00:00:00  -  Total Remote Usage
		Usr 0 00:00:00, Sys 0 00:00:00  -  Total Local Usage
	29712  -  Run Bytes Sent By Job
	26508980  -  Run Bytes Received By Job
	29712  -  Total Bytes Sent By Job
	26508980  -  Total Bytes Received By Job
	Partitionable Resources :    Usage  Request Allocated 
	   Cpus                 :        0        1         1 
	   Disk (KB)            :    27500    27500  13654316 
	   Memory (MB)          :      121     1024      1814 
...
