000 (006.001.000) 06/13 11:35:54 Job submitted from host: <172.31.1.180:9618?addrs=172.31.1.180-9618&noUDP&sock=980_c6e7_5>
...
001 (006.001.000) 06/13 11:35:56 Job executing on host: <172.31.12.90:9618?addrs=172.31.12.90-9618&noUDP&sock=946_74ae_3>
...
006 (006.001.000) 06/13 11:36:04 Image size of job updated: 52988
	52  -  MemoryUsage of job (MB)
	52988  -  ResidentSetSize of job (KB)
...
006 (006.001.000) 06/13 11:41:04 Image size of job updated: 654456
	346  -  MemoryUsage of job (MB)
	353508  -  ResidentSetSize of job (KB)
...
005 (006.001.000) 06/13 11:41:05 Job terminated.
	(1) Normal termination (return value 1)
		Usr 0 00:05:02, Sys 0 00:00:00  -  Run Remote Usage
		Usr 0 00:00:00, Sys 0 00:00:00  -  Run Local Usage
		Usr 0 00:05:02, Sys 0 00:00:00  -  Total Remote Usage
		Usr 0 00:00:00, Sys 0 00:00:00  -  Total Local Usage
	470  -  Run Bytes Sent By Job
	20331762  -  Run Bytes Received By Job
	470  -  Total Bytes Sent By Job
	20331762  -  Total Bytes Received By Job
	Partitionable Resources :    Usage  Request Allocated 
	   Cpus                 :     0.99        1         1 
	   Disk (KB)            : 20000       20000  13982644 
	   Memory (MB)          :   346           1      1814 
...
000 (007.001.000) 06/13 12:02:31 Job submitted from host: <172.31.1.180:9618?addrs=172.31.1.180-9618&noUDP&sock=980_c6e7_5>
...
001 (007.001.000) 06/13 12:02:32 Job executing on host: <172.31.9.58:9618?addrs=172.31.9.58-9618&noUDP&sock=933_89f3_3>
...
006 (007.001.000) 06/13 12:02:41 Image size of job updated: 57624
	57  -  MemoryUsage of job (MB)
	57624  -  ResidentSetSize of job (KB)
...
006 (007.001.000) 06/13 12:07:36 Image size of job updated: 654960
	57  -  MemoryUsage of job (MB)
	57756  -  ResidentSetSize of job (KB)
...
005 (007.001.000) 06/13 12:07:36 Job terminated.
	(1) Normal termination (return value 1)
		Usr 0 00:04:55, Sys 0 00:00:01  -  Run Remote Usage
		Usr 0 00:00:00, Sys 0 00:00:00  -  Run Local Usage
		Usr 0 00:04:55, Sys 0 00:00:01  -  Total Remote Usage
		Usr 0 00:00:00, Sys 0 00:00:00  -  Total Local Usage
	470  -  Run Bytes Sent By Job
	20331764  -  Run Bytes Received By Job
	470  -  Total Bytes Sent By Job
	20331764  -  Total Bytes Received By Job
	Partitionable Resources :    Usage  Request Allocated 
	   Cpus                 :     0.99        1         1 
	   Disk (KB)            : 20000       20000  13979424 
	   Memory (MB)          :    57        1024      1814 
...
000 (008.001.000) 06/13 18:52:14 Job submitted from host: <172.31.1.180:9618?addrs=172.31.1.180-9618&noUDP&sock=973_f9bd_5>
...
001 (008.001.000) 06/13 18:52:16 Job executing on host: <172.31.9.58:9618?addrs=172.31.9.58-9618&noUDP&sock=946_74ae_3>
...
006 (008.001.000) 06/13 18:52:24 Image size of job updated: 51148
	50  -  MemoryUsage of job (MB)
	51148  -  ResidentSetSize of job (KB)
...
006 (008.001.000) 06/13 18:57:11 Image size of job updated: 688700
	51  -  MemoryUsage of job (MB)
	51280  -  ResidentSetSize of job (KB)
...
005 (008.001.000) 06/13 18:57:11 Job terminated.
	(1) Normal termination (return value 1)
		Usr 0 00:04:48, Sys 0 00:00:00  -  Run Remote Usage
		Usr 0 00:00:00, Sys 0 00:00:00  -  Run Local Usage
		Usr 0 00:04:48, Sys 0 00:00:00  -  Total Remote Usage
		Usr 0 00:00:00, Sys 0 00:00:00  -  Total Local Usage
	470  -  Run Bytes Sent By Job
	20331764  -  Run Bytes Received By Job
	470  -  Total Bytes Sent By Job
	20331764  -  Total Bytes Received By Job
	Partitionable Resources :    Usage  Request Allocated 
	   Cpus                 :     0.99        1         1 
	   Disk (KB)            : 20000       20000  13979960 
	   Memory (MB)          :    51        1024      1814 
...
000 (009.001.000) 06/13 19:00:27 Job submitted from host: <172.31.1.180:9618?addrs=172.31.1.180-9618&noUDP&sock=973_f9bd_5>
...
001 (009.001.000) 06/13 19:00:35 Job executing on host: <172.31.9.58:9618?addrs=172.31.9.58-9618&noUDP&sock=946_74ae_3>
...
006 (009.001.000) 06/13 19:00:45 Image size of job updated: 57824
	57  -  MemoryUsage of job (MB)
	57824  -  ResidentSetSize of job (KB)
...
006 (009.001.000) 06/13 19:05:45 Image size of job updated: 689708
	57  -  MemoryUsage of job (MB)
	57824  -  ResidentSetSize of job (KB)
...
005 (009.001.000) 06/13 19:06:19 Job terminated.
	(1) Normal termination (return value 0)
		Usr 0 00:05:37, Sys 0 00:00:01  -  Run Remote Usage
		Usr 0 00:00:00, Sys 0 00:00:00  -  Run Local Usage
		Usr 0 00:05:37, Sys 0 00:00:01  -  Total Remote Usage
		Usr 0 00:00:00, Sys 0 00:00:00  -  Total Local Usage
	8266  -  Run Bytes Sent By Job
	20331764  -  Run Bytes Received By Job
	8266  -  Total Bytes Sent By Job
	20331764  -  Total Bytes Received By Job
	Partitionable Resources :    Usage  Request Allocated 
	   Cpus                 :     0.73        1         1 
	   Disk (KB)            : 20000       20000  13979960 
	   Memory (MB)          :    57        1024      1814 
...
000 (010.001.000) 06/16 16:42:13 Job submitted from host: <172.31.1.180:9618?addrs=172.31.1.180-9618&noUDP&sock=960_0f02_5>
...
001 (010.001.000) 06/16 16:42:15 Job executing on host: <172.31.12.90:9618?addrs=172.31.12.90-9618&noUDP&sock=949_8377_3>
...
006 (010.001.000) 06/16 16:42:23 Image size of job updated: 51044
	50  -  MemoryUsage of job (MB)
	51044  -  ResidentSetSize of job (KB)
...
006 (010.001.000) 06/16 16:47:23 Image size of job updated: 674024
	50  -  MemoryUsage of job (MB)
	51044  -  ResidentSetSize of job (KB)
...
005 (010.001.000) 06/16 16:48:05 Job terminated.
	(1) Normal termination (return value 0)
		Usr 0 00:05:42, Sys 0 00:00:00  -  Run Remote Usage
		Usr 0 00:00:00, Sys 0 00:00:00  -  Run Local Usage
		Usr 0 00:05:42, Sys 0 00:00:00  -  Total Remote Usage
		Usr 0 00:00:00, Sys 0 00:00:00  -  Total Local Usage
	8279  -  Run Bytes Sent By Job
	20331832  -  Run Bytes Received By Job
	8279  -  Total Bytes Sent By Job
	20331832  -  Total Bytes Received By Job
	Partitionable Resources :    Usage  Request Allocated 
	   Cpus                 :     0.99        1         1 
	   Disk (KB)            : 20000       20000  13976532 
	   Memory (MB)          :    50        1024      1814 
...
