000 (001.000.000) 02/19 16:49:48 Job submitted from host: <172.31.90.23:9618?addrs=172.31.90.23-9618&noUDP&sock=13825_60e9_5>
...
001 (001.000.000) 02/19 16:49:48 Job executing on host: <172.31.89.57:9618?addrs=172.31.89.57-9618&noUDP&sock=4603_da86_3>
...
006 (001.000.000) 02/19 16:49:53 Image size of job updated: 296
	0  -  MemoryUsage of job (MB)
	0  -  ResidentSetSize of job (KB)
...
005 (001.000.000) 02/19 16:49:53 Job terminated.
	(1) Normal termination (return value 0)
		Usr 0 00:00:00, Sys 0 00:00:00  -  Run Remote Usage
		Usr 0 00:00:00, Sys 0 00:00:00  -  Run Local Usage
		Usr 0 00:00:00, Sys 0 00:00:00  -  Total Remote Usage
		Usr 0 00:00:00, Sys 0 00:00:00  -  Total Local Usage
	98  -  Run Bytes Sent By Job
	203  -  Run Bytes Received By Job
	98  -  Total Bytes Sent By Job
	203  -  Total Bytes Received By Job
	Partitionable Resources :    Usage  Request Allocated 
	   Cpus                 :        0        1         1 
	   Disk (KB)            :       14        4   8331852 
	   Memory (MB)          :        0        1       989 
...
