000 (018.000.000) 04/25 19:16:50 Job submitted from host: <10.0.3.15:9618?addrs=10.0.3.15-9618+[--1]-9618&noUDP&sock=2954_1742_3>
...
001 (018.000.000) 04/25 19:17:02 Job executing on host: <10.0.3.18:9618?addrs=10.0.3.18-9618+[--1]-9618&noUDP&sock=2153_abe6_3>
...
006 (018.000.000) 04/25 19:17:06 Image size of job updated: 1
	0  -  MemoryUsage of job (MB)
	0  -  ResidentSetSize of job (KB)
...
005 (018.000.000) 04/25 19:17:06 Job terminated.
	(1) Normal termination (return value 0)
		Usr 0 00:00:00, Sys 0 00:00:03  -  Run Remote Usage
		Usr 0 00:00:00, Sys 0 00:00:00  -  Run Local Usage
		Usr 0 00:00:00, Sys 0 00:00:03  -  Total Remote Usage
		Usr 0 00:00:00, Sys 0 00:00:00  -  Total Local Usage
	19765  -  Run Bytes Sent By Job
	1163141  -  Run Bytes Received By Job
	19765  -  Total Bytes Sent By Job
	1163141  -  Total Bytes Received By Job
	Partitionable Resources :    Usage  Request Allocated
	   Cpus                 :                 1         1
	   Disk (KB)            :     1250     1250   3311437
	   Memory (MB)          :        0        1      3987
...
000 (019.000.000) 04/25 19:28:31 Job submitted from host: <10.0.3.15:9618?addrs=10.0.3.15-9618+[--1]-9618&noUDP&sock=2954_1742_3>
...
001 (019.000.000) 04/25 19:28:31 Job executing on host: <10.0.3.18:9618?addrs=10.0.3.18-9618+[--1]-9618&noUDP&sock=2153_abe6_3>
...
006 (019.000.000) 04/25 19:28:35 Image size of job updated: 1
	0  -  MemoryUsage of job (MB)
	0  -  ResidentSetSize of job (KB)
...
005 (019.000.000) 04/25 19:28:35 Job terminated.
	(1) Normal termination (return value 0)
		Usr 0 00:00:00, Sys 0 00:00:03  -  Run Remote Usage
		Usr 0 00:00:00, Sys 0 00:00:00  -  Run Local Usage
		Usr 0 00:00:00, Sys 0 00:00:03  -  Total Remote Usage
		Usr 0 00:00:00, Sys 0 00:00:00  -  Total Local Usage
	19905  -  Run Bytes Sent By Job
	1163357  -  Run Bytes Received By Job
	19905  -  Total Bytes Sent By Job
	1163357  -  Total Bytes Received By Job
	Partitionable Resources :    Usage  Request Allocated
	   Cpus                 :                 1         1
	   Disk (KB)            :     1250     1250   3311437
	   Memory (MB)          :        0        1      3987
...
